2026-06-10 20:29:39 - src.main - INFO - Starting OpenHarmony File Browser v0.1.0
2026-06-10 20:29:39 - src.main - INFO - HDC tool found: Z:\home\luodonghui\OpenHarmony_FileBrowser\hdc\Windows\x64\hdc.exe
2026-06-10 20:29:41 - src.utils.language_manager - INFO - Loaded user language preference: zh
2026-06-10 20:29:41 - src.utils.language_manager - INFO - Loaded translations from: Z:\home\luodonghui\OpenHarmony_FileBrowser\resources\i18n\zh.json
2026-06-10 20:29:42 - src.gui.widgets.path_bar - INFO - Path bar widget initialized
2026-06-10 20:29:42 - src.gui.widgets.file_tree - INFO - File tree widget initialized
2026-06-10 20:29:42 - src.gui.widgets.file_list - INFO - File list widget initialized
2026-06-10 20:29:42 - src.gui.widgets.file_browser - INFO - File browser widget initialized
2026-06-10 20:29:42 - src.gui.styles.theme_manager - INFO - Loaded user theme preference: dark
2026-06-10 20:29:42 - src.gui.main_window - INFO - Theme manager initialized with theme: dark
2026-06-10 20:29:42 - src.gui.styles.theme_manager - INFO - Applied stylesheet: Z:\home\luodonghui\OpenHarmony_FileBrowser\src\gui\styles\modern_dark.qss
2026-06-10 20:29:42 - src.gui.main_window - INFO - Main window initialized and shown
2026-06-10 20:29:42 - src.main - INFO - Application started successfully
2026-06-10 20:29:42 - src.main - INFO - Phase 2 GUI initialized
2026-06-10 20:29:42 - src.main - INFO - HDC tool available, device monitoring active
2026-06-10 20:29:43 - src.core.hdc_wrapper - INFO - HDC wrapper initialized: Z:\home\luodonghui\OpenHarmony_FileBrowser\hdc\Windows\x64\hdc.exe
2026-06-10 20:29:43 - src.core.device_manager - INFO - HDC wrapper created successfully
2026-06-10 20:29:43 - src.core.device_manager - INFO - Device manager initialized (manual refresh mode)
2026-06-10 20:29:43 - src.gui.main_window - INFO - Device manager initialized
2026-06-10 20:29:43 - src.core.hdc_wrapper - INFO - Listing connected devices
2026-06-10 20:29:43 - src.core.hdc_wrapper - INFO - Found 2 devices
2026-06-10 20:29:43 - src.core.hdc_wrapper - INFO - Getting device info: 150100424a544434520325834abb4900
2026-06-10 20:29:44 - src.core.hdc_wrapper - INFO - Getting device info: 7001005458323933328a027ce1873800
2026-06-10 20:29:44 - src.core.device_manager - INFO - Found 2 devices
2026-06-10 20:29:44 - src.core.file_operations - INFO - FileOperations initialized for device: 150100424a544434520325834abb4900
2026-06-10 20:29:44 - src.gui.widgets.file_tree - INFO - Device cleared from file tree
2026-06-10 20:29:44 - src.core.file_operations - INFO - FileOperations initialized for device: 150100424a544434520325834abb4900
2026-06-10 20:29:45 - src.core.file_operations - INFO - Found 24 items in /
2026-06-10 20:29:45 - src.gui.widgets.file_tree - INFO - Device set for file tree: 150100424a544434520325834abb4900
2026-06-10 20:29:45 - src.core.file_operations - INFO - FileOperations initialized for device: 150100424a544434520325834abb4900
2026-06-10 20:29:45 - src.gui.widgets.file_list - INFO - Device set for file list: 150100424a544434520325834abb4900
2026-06-10 20:29:45 - src.gui.widgets.file_list - INFO - Loading directory asynchronously: /
2026-06-10 20:29:45 - src.gui.widgets.file_browser - INFO - Device set for file browser: 150100424a544434520325834abb4900
2026-06-10 20:29:45 - src.utils.async_loader - INFO - Loading directory asynchronously: /
5834abb4900 (150100424a544434520325834abb4900)
2026-06-10 20:29:45 - src.gui.main_window - INFO - Auto-connected to first device: 150100424a544434520325834abb4900
2026-06-10 20:29:45 - src.core.file_operations - INFO - Found 24 items in /
2026-06-10 20:29:45 - src.utils.async_loader - INFO - Directory loaded successfully: /, 24 files
2026-06-10 20:29:45 - src.gui.widgets.file_list - INFO - Directory loaded and displayed: 24 files
2026-06-10 20:29:52 - src.core.file_operations - INFO - Found 2 items in /chip_ckm
2026-06-10 20:29:52 - src.gui.widgets.file_list - INFO - Loading directory asynchronously: /chip_ckm
2026-06-10 20:29:52 - src.gui.widgets.file_list - INFO - Cancelling previous load for: /chip_ckm
2026-06-10 20:29:52 - src.utils.async_loader - INFO - Loading directory asynchronously: /chip_ckm
2026-06-10 20:29:52 - src.core.file_operations - INFO - Found 2 items in /chip_ckm
2026-06-10 20:29:52 - src.utils.async_loader - INFO - Directory loading cancelled: /chip_ckm
2026-06-10 20:29:52 - src.gui.widgets.file_list - INFO - Loading directory asynchronously: /chip_ckm
2026-06-10 20:29:52 - src.gui.widgets.file_browser - INFO - Directory entered: /chip_ckm
2026-06-10 20:29:52 - src.gui.widgets.file_list - INFO - Entering directory: /chip_ckm
/chip_ckm
2026-06-10 20:29:52 - src.core.file_operations - INFO - Found 2 items in /chip_ckm
2026-06-10 20:29:52 - src.utils.async_loader - INFO - Directory loaded successfully: /chip_ckm, 2 files
2026-06-10 20:29:52 - src.gui.widgets.file_list - INFO - Directory loaded and displayed: 2 files
2026-06-10 20:29:53 - src.gui.widgets.file_list - INFO - Loading directory asynchronously: /
2026-06-10 20:29:53 - src.utils.async_loader - INFO - Loading directory asynchronously: /
2026-06-10 20:29:53 - src.core.file_operations - INFO - Found 24 items in /
2026-06-10 20:29:53 - src.utils.async_loader - INFO - Directory loaded successfully: /, 24 files
2026-06-10 20:29:53 - src.gui.widgets.file_list - INFO - Directory loaded and displayed: 24 files
2026-06-10 20:29:56 - src.core.file_operations - INFO - Found 2 items in /storage
2026-06-10 20:29:56 - src.gui.widgets.file_list - INFO - Loading directory asynchronously: /storage
2026-06-10 20:29:56 - src.gui.widgets.file_list - INFO - Cancelling previous load for: /storage
2026-06-10 20:29:56 - src.utils.async_loader - INFO - Loading directory asynchronously: /storage
2026-06-10 20:29:56 - src.core.file_operations - INFO - Found 2 items in /storage
2026-06-10 20:29:56 - src.utils.async_loader - INFO - Directory loading cancelled: /storage
2026-06-10 20:29:56 - src.gui.widgets.file_list - INFO - Loading directory asynchronously: /storage
2026-06-10 20:29:56 - src.gui.widgets.file_browser - INFO - Directory entered: /storage
2026-06-10 20:29:56 - src.utils.async_loader - INFO - Loading directory asynchronously: /storage
2026-06-10 20:29:57 - src.core.file_operations - INFO - Found 2 items in /storage
2026-06-10 20:29:57 - src.utils.async_loader - INFO - Directory loaded successfully: /storage, 2 files
2026-06-10 20:29:57 - src.gui.widgets.file_list - INFO - Directory loaded and displayed: 2 files
2026-06-10 20:30:04 - src.core.file_operations - INFO - Found 1 items in /storage/media
2026-06-10 20:30:04 - src.gui.widgets.file_list - INFO - Loading directory asynchronously: /storage/media
2026-06-10 20:30:04 - src.gui.widgets.file_list - INFO - Cancelling previous load for: /storage/media
2026-06-10 20:30:04 - src.utils.async_loader - INFO - Loading directory asynchronously: /storage/media
2026-06-10 20:30:04 - src.core.file_operations - INFO - Found 1 items in /storage/media
2026-06-10 20:30:04 - src.utils.async_loader - INFO - Directory loading cancelled: /storage/media
2026-06-10 20:30:04 - src.gui.widgets.file_list - INFO - Loading directory asynchronously: /storage/media
2026-06-10 20:30:04 - src.gui.widgets.file_browser - INFO - Directory entered: /storage/media
2026-06-10 20:30:04 - src.utils.async_loader - INFO - Loading directory asynchronously: /storage/media
2026-06-10 20:30:04 - src.core.file_operations - INFO - Found 1 items in /storage/media
2026-06-10 20:30:04 - src.utils.async_loader - INFO - Directory loaded successfully: /storage/media, 1 files
2026-06-10 20:30:04 - src.gui.widgets.file_list - INFO - Directory loaded and displayed: 1 files
2026-06-10 20:30:09 - src.gui.styles.theme_manager - INFO - Applied stylesheet: Z:\home\luodonghui\OpenHarmony_FileBrowser\src\gui\styles\modern_light.qss
2026-06-10 20:30:09 - src.gui.styles.theme_manager - INFO - Saved user theme preference: light
2026-06-10 20:30:09 - src.gui.main_window - INFO - UI updated for theme: light
2026-06-10 20:30:09 - src.gui.styles.theme_manager - INFO - Theme changed to: light
2026-06-10 20:30:11 - src.core.file_operations - INFO - Found 2 items in /storage/media/100
2026-06-10 20:30:11 - src.gui.widgets.file_list - INFO - Loading directory asynchronously: /storage/media/100
2026-06-10 20:30:11 - src.gui.widgets.file_list - INFO - Cancelling previous load for: /storage/media/100
2026-06-10 20:30:11 - src.utils.async_loader - INFO - Loading directory asynchronously: /storage/media/100
2026-06-10 20:30:12 - src.core.file_operations - INFO - Found 2 items in /storage/media/100
2026-06-10 20:30:12 - src.utils.async_loader - INFO - Directory loading cancelled: /storage/media/100
2026-06-10 20:30:12 - src.gui.widgets.file_list - INFO - Loading directory asynchronously: /storage/media/100
2026-06-10 20:30:12 - src.gui.widgets.file_browser - INFO - Directory entered: /storage/media/100
2026-06-10 20:30:12 - src.gui.widgets.file_list - INFO - Entering directory: /storage/media/100
media/100
2026-06-10 20:30:12 - src.core.file_operations - INFO - Found 2 items in /storage/media/100
2026-06-10 20:30:12 - src.utils.async_loader - INFO - Directory loaded successfully: /storage/media/100, 2 files
2026-06-10 20:30:12 - src.gui.widgets.file_list - INFO - Directory loaded and displayed: 2 files
2026-06-10 20:30:13 - src.core.file_operations - INFO - Found 4 items in /storage/media/100/local
2026-06-10 20:30:13 - src.gui.widgets.file_list - INFO - Loading directory asynchronously: /storage/media/100/local
2026-06-10 20:30:13 - src.gui.widgets.file_list - INFO - Cancelling previous load for: /storage/media/100/local
2026-06-10 20:30:13 - src.utils.async_loader - INFO - Loading directory asynchronously: /storage/media/100/local
2026-06-10 20:30:13 - src.core.file_operations - INFO - Found 4 items in /storage/media/100/local
2026-06-10 20:30:13 - src.utils.async_loader - INFO - Directory loading cancelled: /storage/media/100/local
2026-06-10 20:30:13 - src.gui.widgets.file_list - INFO - Loading directory asynchronously: /storage/media/100/local
2026-06-10 20:30:13 - src.gui.widgets.file_browser - INFO - Directory entered: /storage/media/100/local
2026-06-10 20:30:13 - src.utils.async_loader - INFO - Loading directory asynchronously: /storage/media/100/local
2026-06-10 20:30:14 - src.core.file_operations - INFO - Found 4 items in /storage/media/100/local
2026-06-10 20:30:14 - src.utils.async_loader - INFO - Directory loaded successfully: /storage/media/100/local, 4 files
2026-06-10 20:30:14 - src.gui.widgets.file_list - INFO - Directory loaded and displayed: 4 files
2026-06-10 20:30:15 - src.core.file_operations - INFO - Found 9 items in /storage/media/100/local/files
2026-06-10 20:30:16 - src.gui.widgets.file_list - INFO - Loading directory asynchronously: /storage/media/100/local/files
2026-06-10 20:30:16 - src.gui.widgets.file_list - INFO - Cancelling previous load for: /storage/media/100/local/files
2026-06-10 20:30:16 - src.utils.async_loader - INFO - Loading directory asynchronously: /storage/media/100/local/files
2026-06-10 20:30:16 - src.core.file_operations - INFO - Found 9 items in /storage/media/100/local/files
2026-06-10 20:30:16 - src.utils.async_loader - INFO - Directory loading cancelled: /storage/media/100/local/files
2026-06-10 20:30:16 - src.gui.widgets.file_list - INFO - Loading directory asynchronously: /storage/media/100/local/files
2026-06-10 20:30:16 - src.gui.widgets.file_browser - INFO - Directory entered: /storage/media/100/local/files
2026-06-10 20:30:16 - src.gui.widgets.file_list - INFO - Entering directory: /storage/media/100/local/files
cal/files
2026-06-10 20:30:16 - src.core.file_operations - INFO - Found 9 items in /storage/media/100/local/files
2026-06-10 20:30:16 - src.utils.async_loader - INFO - Directory loaded successfully: /storage/media/100/local/files, 9 files
2026-06-10 20:30:16 - src.gui.widgets.file_list - INFO - Directory loaded and displayed: 9 files
2026-06-10 20:30:17 - src.core.file_operations - INFO - Found 5 items in /storage/media/100/local/files/Photo
2026-06-10 20:30:18 - src.gui.widgets.file_list - INFO - Loading directory asynchronously: /storage/media/100/local/files/Photo
2026-06-10 20:30:18 - src.utils.async_loader - INFO - Loading directory asynchronously: /storage/media/100/local/files/Photo
2026-06-10 20:30:18 - src.core.file_operations - INFO - Found 5 items in /storage/media/100/local/files/Photo
2026-06-10 20:30:18 - src.utils.async_loader - INFO - Directory loading cancelled: /storage/media/100/local/files/Photo
2026-06-10 20:30:18 - src.gui.widgets.file_list - INFO - Loading directory asynchronously: /storage/media/100/local/files/Photo
2026-06-10 20:30:18 - src.gui.widgets.file_browser - INFO - Directory entered: /storage/media/100/local/files/Photo
2026-06-10 20:30:18 - src.gui.widgets.file_list - INFO - Entering directory: /storage/media/100/local/files/Photo
les/Photo
2026-06-10 20:30:18 - src.core.file_operations - INFO - Found 5 items in /storage/media/100/local/files/Photo
2026-06-10 20:30:18 - src.utils.async_loader - INFO - Directory loaded successfully: /storage/media/100/local/files/Photo, 5 files
2026-06-10 20:30:18 - src.gui.widgets.file_list - INFO - Directory loaded and displayed: 5 files
2026-06-10 20:30:39 - src.core.device_manager - INFO - Device manager cleanup completed
2026-06-10 20:30:39 - src.gui.main_window - INFO - Application closed
